<?xml version="1.0" encoding="UTF-8"?>
<!-- Generated by org.testng.reporters.JUnitReportReporter -->
<testsuite hostname="surendra" failures="0" tests="5" name="basics.LocalGridParallelRun" time="198.655" errors="0" timestamp="2022-10-29T22:02:57 CEST" skipped="0">
  <testcase classname="basics.LocalGridParallelRun" name="Test5" time="28.285"/>
  <system-out/>
  <testcase classname="basics.LocalGridParallelRun" name="Test3" time="46.067"/>
  <system-out/>
  <testcase classname="basics.LocalGridParallelRun" name="Test1" time="35.653"/>
  <system-out/>
  <testcase classname="basics.LocalGridParallelRun" name="Test2" time="24.299"/>
  <system-out/>
  <testcase classname="basics.LocalGridParallelRun" name="Test4" time="64.351"/>
  <system-out/>
</testsuite> <!-- basics.LocalGridParallelRun -->
