<?xml version="1.0" encoding="UTF-8"?>
<!-- Generated by org.testng.reporters.JUnitReportReporter -->
<testsuite hostname="surendra" failures="0" tests="5" name="basics.ParallelRun_RemoteWebDriver" time="179.545" errors="0" timestamp="2022-11-05T09:11:29 CET" skipped="0">
  <testcase classname="basics.ParallelRun_RemoteWebDriver" name="Test1" time="53.061"/>
  <system-out/>
  <testcase classname="basics.ParallelRun_RemoteWebDriver" name="Test5" time="19.080"/>
  <system-out/>
  <testcase classname="basics.ParallelRun_RemoteWebDriver" name="Test3" time="55.569"/>
  <system-out/>
  <testcase classname="basics.ParallelRun_RemoteWebDriver" name="Test2" time="20.012"/>
  <system-out/>
  <testcase classname="basics.ParallelRun_RemoteWebDriver" name="Test4" time="31.823"/>
  <system-out/>
</testsuite> <!-- basics.ParallelRun_RemoteWebDriver -->
