<?xml version="1.0" encoding="UTF-8"?>
<!-- Generated by org.testng.reporters.JUnitReportReporter -->
<testsuite hostname="surendra" failures="0" tests="4" name="tests.Test1" time="29.839" errors="0" timestamp="2022-12-10T10:51:40 CET" skipped="0">
  <testcase classname="tests.Test1" name="test1method4" time="7.669"/>
  <system-out/>
  <testcase classname="tests.Test1" name="test1method3" time="7.179"/>
  <system-out/>
  <testcase classname="tests.Test1" name="test1method1" time="5.532"/>
  <system-out/>
  <testcase classname="tests.Test1" name="test1method2" time="9.459"/>
  <system-out/>
</testsuite> <!-- tests.Test1 -->
