<?xml version="1.0" encoding="UTF-8"?>
<!-- Generated by org.testng.reporters.JUnitReportReporter -->
<testsuite hostname="surendra" failures="0" tests="1" name="basics.CreateRemoteWebDriver" time="8.890" errors="0" timestamp="2022-10-29T09:07:41 CEST" skipped="0">
  <testcase classname="basics.CreateRemoteWebDriver" name="createRemoteWebDriverFromSeleniumServer" time="8.890"/>
  <system-out/>
</testsuite> <!-- basics.CreateRemoteWebDriver -->
