<?xml version="1.0" encoding="UTF-8"?>
<!-- Generated by org.testng.reporters.JUnitReportReporter -->
<testsuite hostname="surendra" failures="0" tests="5" name="basics.ParallelRun_WebDriver" time="63.790" errors="0" timestamp="2022-10-29T22:22:34 CEST" skipped="0">
  <testcase classname="basics.ParallelRun_WebDriver" name="Test4" time="12.116"/>
  <system-out/>
  <testcase classname="basics.ParallelRun_WebDriver" name="Test2" time="14.551"/>
  <system-out/>
  <testcase classname="basics.ParallelRun_WebDriver" name="Test1" time="12.061"/>
  <system-out/>
  <testcase classname="basics.ParallelRun_WebDriver" name="Test5" time="15.803"/>
  <system-out/>
  <testcase classname="basics.ParallelRun_WebDriver" name="Test3" time="9.259"/>
  <system-out/>
</testsuite> <!-- basics.ParallelRun_WebDriver -->
