<?xml version="1.0" encoding="UTF-8"?>
<!-- Generated by org.testng.reporters.JUnitReportReporter -->
<testsuite hostname="surendra" failures="0" tests="1" name="basics.OptionsClass" time="9.870" errors="0" timestamp="2022-10-29T09:22:55 CEST" skipped="0">
  <testcase classname="basics.OptionsClass" name="test_desired_capability_Only_RemoteWebDriver" time="9.870"/>
  <system-out/>
</testsuite> <!-- basics.OptionsClass -->
