<?xml version="1.0" encoding="UTF-8"?>
<!-- Generated by org.testng.reporters.JUnitReportReporter -->
<testsuite hostname="surendra" failures="0" tests="1" name="basics.DesiredCapabilities1" time="9.226" errors="0" timestamp="2022-10-29T07:22:05 CEST" skipped="0">
  <testcase classname="basics.DesiredCapabilities1" name="test_chromeoptions_Only" time="9.226"/>
  <system-out/>
</testsuite> <!-- basics.DesiredCapabilities1 -->
