<?xml version="1.0" encoding="UTF-8"?>
<!-- Generated by org.testng.reporters.JUnitReportReporter -->
<testsuite hostname="surendra" failures="0" tests="2" name="basics.ChromeDriverServicTest" time="10.720" errors="0" timestamp="2022-10-29T07:19:07 CEST" skipped="0">
  <testcase classname="basics.ChromeDriverServicTest" name="CreateRemoteWebDriver" time="4.796"/>
  <system-out/>
  <testcase classname="basics.ChromeDriverServicTest" name="createDriver" time="5.924"/>
  <system-out/>
</testsuite> <!-- basics.ChromeDriverServicTest -->
