<?xml version="1.0" encoding="UTF-8"?>
<!-- Generated by org.testng.reporters.JUnitReportReporter -->
<testsuite hostname="surendra" failures="0" tests="10" name="basics.ParallelRun_Just2LocalDockers2" time="123.780" errors="0" timestamp="2022-10-30T01:09:12 CEST" skipped="0">
  <testcase classname="basics.ParallelRun_Just2LocalDockers2" name="Test1" time="17.011"/>
  <system-out/>
  <testcase classname="basics.ParallelRun_Just2LocalDockers2" name="Test4" time="7.323"/>
  <system-out/>
  <testcase classname="basics.ParallelRun_Just2LocalDockers2" name="Test3" time="16.819"/>
  <system-out/>
  <testcase classname="basics.ParallelRun_Just2LocalDockers2" name="Test3" time="8.159"/>
  <system-out/>
  <testcase classname="basics.ParallelRun_Just2LocalDockers2" name="Test2" time="8.022"/>
  <system-out/>
  <testcase classname="basics.ParallelRun_Just2LocalDockers2" name="Test2" time="7.792"/>
  <system-out/>
  <testcase classname="basics.ParallelRun_Just2LocalDockers2" name="Test4" time="23.745"/>
  <system-out/>
  <testcase classname="basics.ParallelRun_Just2LocalDockers2" name="Test5" time="14.317"/>
  <system-out/>
  <testcase classname="basics.ParallelRun_Just2LocalDockers2" name="Test1" time="12.531"/>
  <system-out/>
  <testcase classname="basics.ParallelRun_Just2LocalDockers2" name="Test5" time="8.061"/>
  <system-out/>
</testsuite> <!-- basics.ParallelRun_Just2LocalDockers2 -->
