<?xml version="1.0" encoding="UTF-8"?>
<!-- Generated by org.testng.reporters.JUnitReportReporter -->
<testsuite hostname="surendra" failures="0" tests="1" name="basics.ChromeDriverManager" time="7.155" errors="0" timestamp="2022-10-29T08:46:36 CEST" skipped="0">
  <testcase classname="basics.ChromeDriverManager" name="createRemoteWebDriver2" time="7.155"/>
  <system-out/>
</testsuite> <!-- basics.ChromeDriverManager -->
