<?xml version="1.0" encoding="UTF-8"?>
<!-- Generated by org.testng.reporters.JUnitReportReporter -->
<testsuite hostname="surendra" failures="0" tests="2" name="tests.AdminTestCases" time="0.010" errors="0" timestamp="2022-10-22T21:13:06 CEST" skipped="0">
  <testcase classname="tests.AdminTestCases" name="test1" time="0.008"/>
  <system-out/>
  <testcase classname="tests.AdminTestCases" name="test2" time="0.002"/>
  <system-out/>
</testsuite> <!-- tests.AdminTestCases -->
